<?xml version="1.0" encoding="UTF-8"?>
<testng-results skipped="0" failed="1" total="3" passed="2">
  <reporter-output>
  </reporter-output>
  <suite name="Default suite" duration-ms="51561" started-at="2019-05-21T07:44:52Z" finished-at="2019-05-21T07:45:44Z">
    <groups>
    </groups>
    <test name="Default test" duration-ms="51561" started-at="2019-05-21T07:44:52Z" finished-at="2019-05-21T07:45:44Z">
      <class name="Listner.Takescreenshot">
        <test-method status="PASS" signature="setup()[pri:0, instance:Listner.Takescreenshot@47fd17e3]" name="setup" is-config="true" duration-ms="16484" started-at="2019-05-21T13:14:52Z" finished-at="2019-05-21T13:15:09Z">
          <reporter-output>
          </reporter-output>
        </test-method> <!-- setup -->
        <test-method status="PASS" signature="TakeScreenshotTest1()[pri:0, instance:Listner.Takescreenshot@47fd17e3]" name="TakeScreenshotTest1" duration-ms="9" started-at="2019-05-21T13:15:09Z" finished-at="2019-05-21T13:15:09Z">
          <reporter-output>
          </reporter-output>
        </test-method> <!-- TakeScreenshotTest1 -->
        <test-method status="PASS" signature="quit()[pri:0, instance:Listner.Takescreenshot@47fd17e3]" name="quit" is-config="true" duration-ms="878" started-at="2019-05-21T13:15:09Z" finished-at="2019-05-21T13:15:10Z">
          <reporter-output>
          </reporter-output>
        </test-method> <!-- quit -->
        <test-method status="PASS" signature="setup()[pri:0, instance:Listner.Takescreenshot@47fd17e3]" name="setup" is-config="true" duration-ms="18238" started-at="2019-05-21T13:15:10Z" finished-at="2019-05-21T13:15:28Z">
          <reporter-output>
          </reporter-output>
        </test-method> <!-- setup -->
        <test-method status="PASS" signature="TakeScreenshotTest2()[pri:0, instance:Listner.Takescreenshot@47fd17e3]" name="TakeScreenshotTest2" duration-ms="5" started-at="2019-05-21T13:15:28Z" finished-at="2019-05-21T13:15:28Z">
          <reporter-output>
          </reporter-output>
        </test-method> <!-- TakeScreenshotTest2 -->
        <test-method status="PASS" signature="quit()[pri:0, instance:Listner.Takescreenshot@47fd17e3]" name="quit" is-config="true" duration-ms="669" started-at="2019-05-21T13:15:29Z" finished-at="2019-05-21T13:15:29Z">
          <reporter-output>
          </reporter-output>
        </test-method> <!-- quit -->
        <test-method status="PASS" signature="setup()[pri:0, instance:Listner.Takescreenshot@47fd17e3]" name="setup" is-config="true" duration-ms="13557" started-at="2019-05-21T13:15:29Z" finished-at="2019-05-21T13:15:43Z">
          <reporter-output>
          </reporter-output>
        </test-method> <!-- setup -->
        <test-method status="FAIL" signature="TakeScreenshotTest3()[pri:0, instance:Listner.Takescreenshot@47fd17e3]" name="TakeScreenshotTest3" duration-ms="13" started-at="2019-05-21T13:15:43Z" finished-at="2019-05-21T13:15:43Z">
          <exception class="java.lang.AssertionError">
            <message>
              <![CDATA[expected [true] but found [false]]]>
            </message>
            <full-stacktrace>
              <![CDATA[java.lang.AssertionError: expected [true] but found [false]
	at org.testng.Assert.fail(Assert.java:94)
	at org.testng.Assert.failNotEquals(Assert.java:494)
	at org.testng.Assert.assertEquals(Assert.java:123)
	at org.testng.Assert.assertEquals(Assert.java:286)
	at org.testng.Assert.assertEquals(Assert.java:296)
	at Listner.Takescreenshot.TakeScreenshotTest3(Takescreenshot.java:35)
	at sun.reflect.NativeMethodAccessorImpl.invoke0(Native Method)
	at sun.reflect.NativeMethodAccessorImpl.invoke(NativeMethodAccessorImpl.java:62)
	at sun.reflect.DelegatingMethodAccessorImpl.invoke(DelegatingMethodAccessorImpl.java:43)
	at java.lang.reflect.Method.invoke(Method.java:498)
	at org.testng.internal.MethodInvocationHelper.invokeMethod(MethodInvocationHelper.java:80)
	at org.testng.internal.Invoker.invokeMethod(Invoker.java:714)
	at org.testng.internal.Invoker.invokeTestMethod(Invoker.java:901)
	at org.testng.internal.Invoker.invokeTestMethods(Invoker.java:1231)
	at org.testng.internal.TestMethodWorker.invokeTestMethods(TestMethodWorker.java:127)
	at org.testng.internal.TestMethodWorker.run(TestMethodWorker.java:111)
	at org.testng.TestRunner.privateRun(TestRunner.java:767)
	at org.testng.TestRunner.run(TestRunner.java:617)
	at org.testng.SuiteRunner.runTest(SuiteRunner.java:334)
	at org.testng.SuiteRunner.runSequentially(SuiteRunner.java:329)
	at org.testng.SuiteRunner.privateRun(SuiteRunner.java:291)
	at org.testng.SuiteRunner.run(SuiteRunner.java:240)
	at org.testng.SuiteRunnerWorker.runSuite(SuiteRunnerWorker.java:52)
	at org.testng.SuiteRunnerWorker.run(SuiteRunnerWorker.java:86)
	at org.testng.TestNG.runSuitesSequentially(TestNG.java:1198)
	at org.testng.TestNG.runSuitesLocally(TestNG.java:1123)
	at org.testng.TestNG.run(TestNG.java:1031)
	at org.testng.remote.RemoteTestNG.run(RemoteTestNG.java:115)
	at org.testng.remote.RemoteTestNG.initAndRun(RemoteTestNG.java:207)
	at org.testng.remote.RemoteTestNG.main(RemoteTestNG.java:178)
]]>
            </full-stacktrace>
          </exception> <!-- java.lang.AssertionError -->
          <reporter-output>
          </reporter-output>
        </test-method> <!-- TakeScreenshotTest3 -->
        <test-method status="PASS" signature="quit()[pri:0, instance:Listner.Takescreenshot@47fd17e3]" name="quit" is-config="true" duration-ms="656" started-at="2019-05-21T13:15:43Z" finished-at="2019-05-21T13:15:44Z">
          <reporter-output>
          </reporter-output>
        </test-method> <!-- quit -->
      </class> <!-- Listner.Takescreenshot -->
    </test> <!-- Default test -->
  </suite> <!-- Default suite -->
</testng-results>
